<?xml version="1.0" encoding="UTF-8"?>
<!-- Generated by org.testng.reporters.JUnitReportReporter -->
<testsuite hostname="DESKTOP-U7NCNIN" failures="0" tests="2" name="Tests.LoginTest" time="1.502" errors="0" timestamp="2022-08-25T14:45:41 EET" skipped="0">
  <testcase classname="Tests.LoginTest" name="openLoginPage" time="1.458"/>
  <system-out/>
  <testcase classname="Tests.LoginTest" name="LogResult" time="0.044"/>
  <system-out/>
</testsuite> <!-- Tests.LoginTest -->
