<?xml version="1.0" encoding="UTF-8"?>
<!-- Generated by org.testng.reporters.JUnitReportReporter -->
<testsuite hostname="DESKTOP-U7NCNIN" failures="0" tests="3" name="runner.TestRunner" time="12.711" errors="0" timestamp="2022-08-18T14:57:57 EET" skipped="0">
  <testcase classname="runner.TestRunner" name="runScenario" time="4.469"/>
  <system-out/>
  <testcase classname="runner.TestRunner" name="runScenario" time="4.121"/>
  <system-out/>
  <testcase classname="runner.TestRunner" name="runScenario" time="4.121"/>
  <system-out/>
</testsuite> <!-- runner.TestRunner -->
