<?xml version="1.0" encoding="UTF-8"?>
<!-- Generated by org.testng.reporters.JUnitReportReporter -->
<testsuite hostname="DESKTOP-U7NCNIN" failures="0" tests="2" name="Tests.LoginTest" time="0.000" errors="0" timestamp="2022-08-30T21:55:15 EET" skipped="2">
  <testcase classname="Tests.LoginTest" name="openLoginPage" time="0.000">
    <skipped/>
  </testcase> <!-- openLoginPage -->
  <system-out/>
  <testcase classname="Tests.LoginTest" name="LogResult" time="0.000">
    <skipped/>
  </testcase> <!-- LogResult -->
  <system-out/>
</testsuite> <!-- Tests.LoginTest -->
